<?xml version="1.0" encoding="UTF-8"?>
<!-- Generated by org.testng.reporters.JUnitReportReporter -->
<testsuite hostname="INBLL000309" failures="0" tests="1" name="com.hms.Mini_Project.AdminTest" time="9.322" errors="0" timestamp="2021-09-13T22:05:02 IST" skipped="0">
  <testcase classname="com.hms.Mini_Project.AdminTest" name="f" time="9.322"/>
  <system-out/>
</testsuite> <!-- com.hms.Mini_Project.AdminTest -->
