<?xml version="1.0" encoding="UTF-8"?>
<!-- Generated by org.testng.reporters.JUnitReportReporter -->
<testsuite hostname="INBLL000309" failures="0" tests="5" name="com.hms.Mini_Project.AdminTest" time="5.624" errors="0" timestamp="2021-09-14T13:41:34 IST" skipped="0">
  <testcase classname="com.hms.Mini_Project.AdminTest" name="TC_HMS_02" time="1.922"/>
  <system-out/>
  <testcase classname="com.hms.Mini_Project.AdminTest" name="TC_HMS_05" time="1.119"/>
  <system-out/>
  <testcase classname="com.hms.Mini_Project.AdminTest" name="TC_HMS_06" time="1.220"/>
  <system-out/>
  <testcase classname="com.hms.Mini_Project.AdminTest" name="TC_HMS_07" time="0.763"/>
  <system-out/>
  <testcase classname="com.hms.Mini_Project.AdminTest" name="TC_HMS_09" time="0.600"/>
  <system-out/>
</testsuite> <!-- com.hms.Mini_Project.AdminTest -->
