<?xml version="1.0" encoding="UTF-8"?>
<!-- Generated by org.testng.reporters.JUnitReportReporter -->
<testsuite hostname="INBLL000309" failures="0" tests="6" name="com.hms.tests.PatientTest" time="8.560" errors="0" timestamp="2021-09-17T11:11:01 IST" skipped="0">
  <testcase classname="com.hms.tests.PatientTest" name="TC_HMS_03" time="2.079"/>
  <system-out/>
  <testcase classname="com.hms.tests.PatientTest" name="TC_HMS_17" time="3.240"/>
  <system-out/>
  <testcase classname="com.hms.tests.PatientTest" name="TC_HMS_18" time="0.791"/>
  <system-out/>
  <testcase classname="com.hms.tests.PatientTest" name="TC_HMS_22" time="1.355"/>
  <system-out/>
  <testcase classname="com.hms.tests.PatientTest" name="TC_HMS_23" time="0.917"/>
  <system-out/>
  <testcase classname="com.hms.tests.PatientTest" name="TC_HMS_24" time="0.178"/>
  <system-out/>
</testsuite> <!-- com.hms.tests.PatientTest -->
