<?xml version="1.0" encoding="UTF-8"?>
<!-- Generated by org.testng.reporters.JUnitReportReporter -->
<testsuite hostname="INBLL000309" failures="0" tests="6" name="com.hms.tests.DoctorTest" time="8.905" errors="0" timestamp="2021-09-17T11:11:01 IST" skipped="0">
  <testcase classname="com.hms.tests.DoctorTest" name="TC_HMS_03" time="1.461"/>
  <system-out/>
  <testcase classname="com.hms.tests.DoctorTest" name="TC_HMS_10" time="0.429"/>
  <system-out/>
  <testcase classname="com.hms.tests.DoctorTest" name="TC_HMS_13" time="1.205"/>
  <system-out/>
  <testcase classname="com.hms.tests.DoctorTest" name="TC_HMS_14" time="1.728"/>
  <system-out/>
  <testcase classname="com.hms.tests.DoctorTest" name="TC_HMS_15" time="3.552"/>
  <system-out/>
  <testcase classname="com.hms.tests.DoctorTest" name="TC_HMS_16" time="0.530"/>
  <system-out/>
</testsuite> <!-- com.hms.tests.DoctorTest -->
