<?xml version="1.0" encoding="UTF-8"?>
<!-- Generated by org.testng.reporters.JUnitReportReporter -->
<testsuite hostname="INBLL000309" failures="0" tests="6" name="com.hms.tests.AdminTest" time="6.676" errors="0" timestamp="2021-09-17T11:11:01 IST" skipped="0">
  <testcase classname="com.hms.tests.AdminTest" name="TC_HMS_03" time="1.453"/>
  <system-out/>
  <testcase classname="com.hms.tests.AdminTest" name="TC_HMS_02" time="0.457"/>
  <system-out/>
  <testcase classname="com.hms.tests.AdminTest" name="TC_HMS_05" time="1.013"/>
  <system-out/>
  <testcase classname="com.hms.tests.AdminTest" name="TC_HMS_06" time="1.718"/>
  <system-out/>
  <testcase classname="com.hms.tests.AdminTest" name="TC_HMS_07" time="1.345"/>
  <system-out/>
  <testcase classname="com.hms.tests.AdminTest" name="TC_HMS_09" time="0.690"/>
  <system-out/>
</testsuite> <!-- com.hms.tests.AdminTest -->
